<?xml version="1.0" encoding="UTF-8"?>
<!-- Generated by org.testng.reporters.JUnitXMLReporter -->
<testsuite ignored="1" hostname="DESKTOP-LQEM3VC" failures="0" tests="1" name="Default test" time="0.332" errors="0" timestamp="2024-05-01T20:45:14 EDT">
  <testcase classname="ebrahim.hossain.sqa.LIKE_Operator" name="likeExample1" time="0.302"/>
  <testcase classname="ebrahim.hossain.sqa.LIKE_Operator" name="likeExample2" time="0.0">
    <ignored/>
  </testcase> <!-- likeExample2 -->
</testsuite> <!-- Default test -->
