<?xml version="1.0" encoding="UTF-8"?>
<!-- Generated by org.testng.reporters.JUnitXMLReporter -->
<testsuite ignored="1" hostname="DESKTOP-LQEM3VC" failures="0" tests="1" name="Default test" time="1.018" errors="0" timestamp="2024-04-25T22:55:10 EDT">
  <testcase classname="ebrahim.hossain.sqa.LIKE_Operator" name="likeExample2" time="0.923"/>
  <testcase classname="ebrahim.hossain.sqa.LIKE_Operator" name="likeExample1" time="0.0">
    <ignored/>
  </testcase> <!-- likeExample1 -->
</testsuite> <!-- Default test -->
