<?xml version="1.0" encoding="UTF-8"?>
<testng-results ignored="0" total="1" passed="1" failed="0" skipped="0">
  <reporter-output>
  </reporter-output>
  <suite started-at="2024-05-14T23:19:31 EDT" name="Default suite" finished-at="2024-05-14T23:19:32 EDT" duration-ms="824">
    <groups>
    </groups>
    <test started-at="2024-05-14T23:19:31 EDT" name="Default test" finished-at="2024-05-14T23:19:32 EDT" duration-ms="824">
      <class name="ebrahim.hossain.sqa.AND_Operator">
        <test-method signature="andOperator()[pri:0, instance:ebrahim.hossain.sqa.AND_Operator@2c35e847]" started-at="2024-05-14T23:19:31 EDT" name="andOperator" finished-at="2024-05-14T23:19:32 EDT" duration-ms="761" status="PASS">
          <reporter-output>
          </reporter-output>
        </test-method> <!-- andOperator -->
      </class> <!-- ebrahim.hossain.sqa.AND_Operator -->
    </test> <!-- Default test -->
  </suite> <!-- Default suite -->
</testng-results>
