<?xml version="1.0" encoding="UTF-8"?>
<testng-results ignored="0" total="1" passed="1" failed="0" skipped="0">
  <reporter-output>
  </reporter-output>
  <suite started-at="2024-05-01T20:43:57 EDT" name="Default suite" finished-at="2024-05-01T20:43:57 EDT" duration-ms="394">
    <groups>
    </groups>
    <test started-at="2024-05-01T20:43:57 EDT" name="Default test" finished-at="2024-05-01T20:43:57 EDT" duration-ms="394">
      <class name="ebrahim.hossain.sqa.In_Operator">
        <test-method signature="inOperatorExample()[pri:0, instance:ebrahim.hossain.sqa.In_Operator@58d75e99]" started-at="2024-05-01T20:43:57 EDT" name="inOperatorExample" finished-at="2024-05-01T20:43:57 EDT" duration-ms="363" status="PASS">
          <reporter-output>
          </reporter-output>
        </test-method> <!-- inOperatorExample -->
      </class> <!-- ebrahim.hossain.sqa.In_Operator -->
    </test> <!-- Default test -->
  </suite> <!-- Default suite -->
</testng-results>
